<?xml version="1.0" encoding="UTF-8"?>
<!-- Generated by org.testng.reporters.JUnitXMLReporter -->
<testsuite ignored="0" hostname="IBM-262BC54" failures="0" tests="3" name="Tests" time="3.621" errors="0" timestamp="2024-12-02T12:22:45 IST">
  <testcase classname="Testactivity9" name="confirmAlertTestCase" time="0.175"/>
  <testcase classname="Testactivity9" name="promptAlertTestCase" time="0.117"/>
  <testcase classname="Testactivity9" name="simpleAlertTestCase" time="0.101"/>
</testsuite> <!-- Tests -->
