<?xml version="1.0" encoding="UTF-8"?>
<testng-results ignored="0" total="3" passed="3" failed="0" skipped="0">
  <reporter-output>
    <line>
      <![CDATA[This is a JavaScript Confirmation!]]>
    </line>
    <line>
      <![CDATA[This is a JavaScript Prompt!]]>
    </line>
    <line>
      <![CDATA[This is a JavaScript Alert!]]>
    </line>
  </reporter-output>
  <suite started-at="2024-12-02T12:22:42 IST" name="SuiteExample" finished-at="2024-12-02T12:22:45 IST" duration-ms="3621">
    <groups>
    </groups>
    <test started-at="2024-12-02T12:22:42 IST" name="Tests" finished-at="2024-12-02T12:22:45 IST" duration-ms="3621">
      <class name="Testactivity9">
        <test-method is-config="true" signature="beforeTest()[pri:0, instance:Testactivity9@27aae97b]" started-at="2024-12-02T12:22:42 IST" name="beforeTest" finished-at="2024-12-02T12:22:44 IST" duration-ms="2247" status="PASS">
          <reporter-output>
          </reporter-output>
        </test-method> <!-- beforeTest -->
        <test-method is-config="true" signature="beforeMethod()[pri:0, instance:Testactivity9@27aae97b]" started-at="2024-12-02T12:22:44 IST" name="beforeMethod" finished-at="2024-12-02T12:22:44 IST" duration-ms="20" status="PASS">
          <reporter-output>
          </reporter-output>
        </test-method> <!-- beforeMethod -->
        <test-method signature="confirmAlertTestCase()[pri:0, instance:Testactivity9@27aae97b]" started-at="2024-12-02T12:22:44 IST" name="confirmAlertTestCase" finished-at="2024-12-02T12:22:44 IST" duration-ms="175" status="PASS">
          <reporter-output>
            <line>
              <![CDATA[This is a JavaScript Confirmation!]]>
            </line>
          </reporter-output>
        </test-method> <!-- confirmAlertTestCase -->
        <test-method is-config="true" signature="beforeMethod()[pri:0, instance:Testactivity9@27aae97b]" started-at="2024-12-02T12:22:44 IST" name="beforeMethod" finished-at="2024-12-02T12:22:44 IST" duration-ms="17" status="PASS">
          <reporter-output>
          </reporter-output>
        </test-method> <!-- beforeMethod -->
        <test-method signature="promptAlertTestCase()[pri:0, instance:Testactivity9@27aae97b]" started-at="2024-12-02T12:22:44 IST" name="promptAlertTestCase" finished-at="2024-12-02T12:22:44 IST" duration-ms="117" status="PASS">
          <reporter-output>
            <line>
              <![CDATA[This is a JavaScript Prompt!]]>
            </line>
          </reporter-output>
        </test-method> <!-- promptAlertTestCase -->
        <test-method is-config="true" signature="beforeMethod()[pri:0, instance:Testactivity9@27aae97b]" started-at="2024-12-02T12:22:44 IST" name="beforeMethod" finished-at="2024-12-02T12:22:44 IST" duration-ms="18" status="PASS">
          <reporter-output>
          </reporter-output>
        </test-method> <!-- beforeMethod -->
        <test-method signature="simpleAlertTestCase()[pri:0, instance:Testactivity9@27aae97b]" started-at="2024-12-02T12:22:44 IST" name="simpleAlertTestCase" finished-at="2024-12-02T12:22:45 IST" duration-ms="101" status="PASS">
          <reporter-output>
            <line>
              <![CDATA[This is a JavaScript Alert!]]>
            </line>
          </reporter-output>
        </test-method> <!-- simpleAlertTestCase -->
        <test-method is-config="true" signature="afterTest()[pri:0, instance:Testactivity9@27aae97b]" started-at="2024-12-02T12:22:45 IST" name="afterTest" finished-at="2024-12-02T12:22:45 IST" duration-ms="861" status="PASS">
          <reporter-output>
          </reporter-output>
        </test-method> <!-- afterTest -->
      </class> <!-- Testactivity9 -->
    </test> <!-- Tests -->
  </suite> <!-- SuiteExample -->
</testng-results>
